***************
** Arguments **
***************
backbone: 
config_file: configs/trainers/da/kd/office31.yaml
dataset_config_file: configs/datasets/da/office31.yaml
eval_only: False
head: 
load_epoch: None
model_dir: 
no_train: False
opts: []
output_dir: output/kd/office31/d2a
resume: 
root: /home/zhao/data/DA
seed: -1
source_domains: ['dslr']
target_domains: ['amazon']
trainer: KD
transforms: None
************
** Config **
************
DATALOADER:
  K_TRANSFORMS: 1
  NUM_WORKERS: 4
  TEST:
    BATCH_SIZE: 128
    SAMPLER: SequentialSampler
  TRAIN_U:
    BATCH_SIZE: 32
    N_DOMAIN: 0
    SAME_AS_X: True
    SAMPLER: RandomSampler
  TRAIN_X:
    BATCH_SIZE: 64
    N_DOMAIN: 0
    SAMPLER: RandomSampler
DATASET:
  NAME: Office31
  NUM_LABELED: 250
  ROOT: /home/zhao/data/DA
  SOURCE_DOMAINS: ['dslr']
  STL10_FOLD: -1
  TARGET_DOMAINS: ['amazon']
  VAL_PERCENT: 0.1
INPUT:
  CROP_PADDING: 4
  CUTOUT_LEN: 16
  CUTOUT_N: 1
  GN_MEAN: 0.0
  GN_STD: 0.15
  MODE: RGB
  NO_TRANSFORM: False
  PIXEL_MEAN: [0.485, 0.456, 0.406]
  PIXEL_STD: [0.229, 0.224, 0.225]
  RANDAUGMENT_M: 10
  RANDAUGMENT_N: 2
  SIZE: (224, 224)
  TRANSFORMS: ('random_flip', 'random_translation', 'normalize')
MODEL:
  BACKBONE:
    NAME: resnet50
    PRETRAINED: True
  CLASSIFIER:
    TYPE: weight
  HEAD:
    ACTIVATION: relu
    BN: True
    DROPOUT: 0.5
    HIDDEN_LAYERS: (256,)
    NAME: mlp
  INIT_WEIGHTS: output/shot_source/office31/d2a/model/model.pth.tar-30
OPTIM:
  ADAM_BETA1: 0.9
  ADAM_BETA2: 0.99
  BASE_LR_MULT: 0.1
  GAMMA: 0.1
  LR: 0.01
  LR_SCHEDULER: single_step
  MAX_EPOCH: 30
  MOMENTUM: 0.9
  NAME: sgd
  NEW_LAYERS: ('head', 'classifier')
  RMSPROP_ALPHA: 0.99
  SGD_DAMPNING: 0
  SGD_NESTEROV: False
  STAGED_LR: True
  STEPSIZE: (10,)
  WEIGHT_DECAY: 0.0005
OUTPUT_DIR: output/kd/office31/d2a
RESUME: 
SEED: -1
TEST:
  COMPUTE_CMAT: False
  EVALUATOR: Classification
  EVAL_FREQ: 1
  NO_TEST: False
  PER_CLASS_RESULT: False
  SPLIT: test
TRAIN:
  CHECKPOINT_FREQ: 0
  COUNT_ITER: train_x
  PRINT_FREQ: 10
TRAINER:
  CG:
    ALPHA_D: 0.5
    ALPHA_F: 0.5
    EPS_D: 1.0
    EPS_F: 1.0
  DAEL:
    CONF_THRE: 0.95
    STRONG_TRANSFORMS: ()
    WEIGHT_U: 0.5
  DDAIG:
    ALPHA: 0.5
    CLAMP: False
    CLAMP_MAX: 1.0
    CLAMP_MIN: -1.0
    G_ARCH: 
    LMDA: 0.3
    WARMUP: 0
  ENTMIN:
    LMDA: 0.001
  FIXMATCH:
    CONF_THRE: 0.95
    STRONG_TRANSFORMS: ()
    WEIGHT_U: 1.0
  M3SDA:
    LMDA: 0.5
    N_STEP_F: 4
  MCD:
    N_STEP_F: 4
  MEANTEA:
    EMA_ALPHA: 0.999
    WEIGHT_U: 1.0
  MIXMATCH:
    MIXUP_BETA: 0.75
    RAMPUP: 20000
    TEMP: 2.0
    WEIGHT_U: 100.0
  MME:
    LMDA: 0.1
  NAME: KD
  SE:
    CONF_THRE: 0.95
    EMA_ALPHA: 0.999
    RAMPUP: 300
  SHOT:
    PAR: 0.3
    SMOOTH: 0.1
TRAIN_FROM_SCRATCH: True
USE_CUDA: True
VERBOSE: True
VERSION: 1
Collecting env info ...
** System info **
PyTorch version: 1.4.0
Is debug build: No
CUDA used to build PyTorch: 10.1

OS: Ubuntu 18.04.3 LTS
GCC version: (Ubuntu 7.5.0-3ubuntu1~18.04) 7.5.0
CMake version: Could not collect

Python version: 3.7
Is CUDA available: Yes
CUDA runtime version: 10.0.130
GPU models and configuration: 
GPU 0: GeForce RTX 2080 Ti
GPU 1: GeForce RTX 2080 Ti

Nvidia driver version: 430.50
cuDNN version: /usr/lib/x86_64-linux-gnu/libcudnn.so.7.6.3

Versions of relevant libraries:
[pip] numpy==1.18.1
[pip] torch==1.4.0
[pip] torchvision==0.5.0
[conda] blas                      1.0                         mkl    https://mirrors.tuna.tsinghua.edu.cn/anaconda/pkgs/main
[conda] mkl                       2020.0                      166    https://mirrors.tuna.tsinghua.edu.cn/anaconda/pkgs/main
[conda] mkl-service               2.3.0            py37he904b0f_0    https://mirrors.tuna.tsinghua.edu.cn/anaconda/pkgs/main
[conda] mkl_fft                   1.0.15           py37ha843d7b_0    https://mirrors.tuna.tsinghua.edu.cn/anaconda/pkgs/main
[conda] mkl_random                1.1.0            py37hd6b4f25_0    https://mirrors.tuna.tsinghua.edu.cn/anaconda/pkgs/main
[conda] pytorch                   1.4.0           py3.7_cuda10.1.243_cudnn7.6.3_0    https://mirrors.tuna.tsinghua.edu.cn/anaconda/cloud/pytorch
[conda] torchvision               0.5.0                py37_cu101    https://mirrors.tuna.tsinghua.edu.cn/anaconda/cloud/pytorch
        Pillow (7.0.0)

Loading trainer: KD
Loading dataset: Office31
Building transform_train
+ resize to 224x224
+ random flip
+ random translation
+ to torch tensor of range [0, 1]
+ normalization (mean=[0.485, 0.456, 0.406], std=[0.229, 0.224, 0.225])
Building transform_test
+ resize to 224x224
+ to torch tensor of range [0, 1]
+ normalization (mean=[0.485, 0.456, 0.406], std=[0.229, 0.224, 0.225])
***** Dataset statistics *****
  Dataset: Office31
  Source domains: ['dslr']
  Target domains: ['amazon']
  # classes: 31
  # train_x: 498
  # train_u: 2,817
  # test: 2,817
Building model
Backbone: resnet50
Head: mlp
Successfully loaded pretrained weights from "output/shot_source/office31/d2a/model/model.pth.tar-30"
# params: 24,041,086
base_params: 159, new_params: 7
Loading evaluator: Classification
Backbone: resnet50
Head: mlp
Successfully loaded pretrained weights from "output/shot_source/office31/d2a/model/model.pth.tar-30"
Initializing summary writer for tensorboard with log_dir=output/kd/office31/d2a
Accuracy = 62.46% -> 65.87%

epoch [1/30][10/44]	time 0.361 (0.466)	data 0.000 (0.000)	eta 0:10:10	loss -1.0216 (-0.6429)	acc 71.8750 (64.2188)	lr 0.001
epoch [1/30][20/44]	time 0.362 (0.414)	data 0.000 (0.000)	eta 0:08:58	loss -1.3294 (-0.8565)	acc 60.9375 (64.6875)	lr 0.001
epoch [1/30][30/44]	time 0.362 (0.397)	data 0.000 (0.000)	eta 0:08:31	loss -1.3016 (-0.9916)	acc 70.3125 (66.0938)	lr 0.001
epoch [1/30][40/44]	time 0.362 (0.388)	data 0.000 (0.000)	eta 0:08:16	loss -1.4020 (-1.0778)	acc 75.0000 (67.2656)	lr 0.001
Do evaluation on test set
=> result
* total: 2,817
* correct: 1,999
* accuracy: 70.96%
* error: 29.04%
Accuracy = 70.77% -> 71.24%

epoch [2/30][10/44]	time 0.362 (0.363)	data 0.000 (0.000)	eta 0:07:38	loss -1.6460 (-1.5902)	acc 71.8750 (72.1875)	lr 0.001
epoch [2/30][20/44]	time 0.363 (0.363)	data 0.000 (0.000)	eta 0:07:35	loss -1.6168 (-1.6118)	acc 75.0000 (71.7969)	lr 0.001
epoch [2/30][30/44]	time 0.363 (0.363)	data 0.000 (0.000)	eta 0:07:32	loss -1.5615 (-1.6098)	acc 81.2500 (70.8854)	lr 0.001
epoch [2/30][40/44]	time 0.363 (0.363)	data 0.000 (0.000)	eta 0:07:28	loss -1.6490 (-1.6046)	acc 70.3125 (70.8594)	lr 0.001
Do evaluation on test set
=> result
* total: 2,817
* correct: 2,042
* accuracy: 72.49%
* error: 27.51%
Accuracy = 72.16% -> 72.55%

epoch [3/30][10/44]	time 0.364 (0.363)	data 0.000 (0.000)	eta 0:07:24	loss -1.8001 (-1.7476)	acc 78.1250 (71.8750)	lr 0.001
epoch [3/30][20/44]	time 0.364 (0.363)	data 0.000 (0.000)	eta 0:07:20	loss -1.6635 (-1.7646)	acc 68.7500 (73.3594)	lr 0.001
epoch [3/30][30/44]	time 0.364 (0.364)	data 0.000 (0.000)	eta 0:07:16	loss -1.7029 (-1.7582)	acc 78.1250 (72.5521)	lr 0.001
epoch [3/30][40/44]	time 0.363 (0.363)	data 0.000 (0.000)	eta 0:07:13	loss -1.7936 (-1.7462)	acc 70.3125 (71.7578)	lr 0.001
Do evaluation on test set
=> result
* total: 2,817
* correct: 2,064
* accuracy: 73.27%
* error: 26.73%
Accuracy = 73.12% -> 73.15%

epoch [4/30][10/44]	time 0.364 (0.364)	data 0.000 (0.000)	eta 0:07:08	loss -1.9642 (-1.8380)	acc 79.6875 (74.8438)	lr 0.001
epoch [4/30][20/44]	time 0.364 (0.364)	data 0.000 (0.000)	eta 0:07:04	loss -1.9326 (-1.8454)	acc 71.8750 (73.2812)	lr 0.001
epoch [4/30][30/44]	time 0.364 (0.364)	data 0.000 (0.000)	eta 0:07:01	loss -2.0264 (-1.8363)	acc 76.5625 (73.0729)	lr 0.001
epoch [4/30][40/44]	time 0.363 (0.364)	data 0.000 (0.000)	eta 0:06:57	loss -1.9153 (-1.8315)	acc 71.8750 (73.1250)	lr 0.001
Do evaluation on test set
=> result
* total: 2,817
* correct: 2,063
* accuracy: 73.23%
* error: 26.77%
Accuracy = 73.15% -> 73.40%

epoch [5/30][10/44]	time 0.364 (0.364)	data 0.000 (0.000)	eta 0:06:52	loss -1.7588 (-1.9114)	acc 62.5000 (73.4375)	lr 0.001
epoch [5/30][20/44]	time 0.364 (0.364)	data 0.000 (0.000)	eta 0:06:49	loss -1.8540 (-1.8834)	acc 65.6250 (72.6562)	lr 0.001
epoch [5/30][30/44]	time 0.364 (0.364)	data 0.000 (0.000)	eta 0:06:45	loss -1.8141 (-1.8752)	acc 76.5625 (73.2812)	lr 0.001
epoch [5/30][40/44]	time 0.364 (0.364)	data 0.000 (0.000)	eta 0:06:42	loss -1.7775 (-1.8801)	acc 76.5625 (72.9297)	lr 0.001
Do evaluation on test set
=> result
* total: 2,817
* correct: 2,078
* accuracy: 73.77%
* error: 26.23%
Accuracy = 73.44% -> 73.47%

epoch [6/30][10/44]	time 0.364 (0.364)	data 0.000 (0.000)	eta 0:06:37	loss -1.8930 (-1.9774)	acc 73.4375 (74.5312)	lr 0.001
epoch [6/30][20/44]	time 0.365 (0.364)	data 0.000 (0.000)	eta 0:06:33	loss -1.9650 (-1.9600)	acc 71.8750 (73.9062)	lr 0.001
epoch [6/30][30/44]	time 0.365 (0.365)	data 0.000 (0.000)	eta 0:06:30	loss -2.0404 (-1.9436)	acc 70.3125 (73.0729)	lr 0.001
epoch [6/30][40/44]	time 0.363 (0.364)	data 0.000 (0.000)	eta 0:06:26	loss -2.0088 (-1.9407)	acc 71.8750 (73.3984)	lr 0.001
Do evaluation on test set
=> result
* total: 2,817
* correct: 2,076
* accuracy: 73.70%
* error: 26.30%
Accuracy = 73.62% -> 73.69%

epoch [7/30][10/44]	time 0.364 (0.365)	data 0.000 (0.000)	eta 0:06:21	loss -2.0448 (-2.0026)	acc 78.1250 (73.4375)	lr 0.001
epoch [7/30][20/44]	time 0.364 (0.365)	data 0.000 (0.000)	eta 0:06:17	loss -2.0005 (-1.9707)	acc 70.3125 (71.9531)	lr 0.001
epoch [7/30][30/44]	time 0.365 (0.364)	data 0.000 (0.000)	eta 0:06:13	loss -1.8817 (-1.9653)	acc 71.8750 (72.1875)	lr 0.001
epoch [7/30][40/44]	time 0.364 (0.364)	data 0.000 (0.000)	eta 0:06:10	loss -1.9020 (-1.9638)	acc 71.8750 (72.8906)	lr 0.001
Do evaluation on test set
=> result
* total: 2,817
* correct: 2,076
* accuracy: 73.70%
* error: 26.30%
Accuracy = 73.58% -> 73.62%

epoch [8/30][10/44]	time 0.365 (0.365)	data 0.000 (0.000)	eta 0:06:05	loss -2.0342 (-1.9715)	acc 81.2500 (72.6562)	lr 0.001
epoch [8/30][20/44]	time 0.365 (0.365)	data 0.000 (0.000)	eta 0:06:01	loss -1.9427 (-1.9800)	acc 70.3125 (72.3438)	lr 0.001
epoch [8/30][30/44]	time 0.365 (0.365)	data 0.000 (0.000)	eta 0:05:58	loss -2.1451 (-1.9857)	acc 76.5625 (73.6979)	lr 0.001
epoch [8/30][40/44]	time 0.364 (0.365)	data 0.000 (0.000)	eta 0:05:54	loss -1.8591 (-1.9833)	acc 68.7500 (73.2812)	lr 0.001
Do evaluation on test set
=> result
* total: 2,817
* correct: 2,080
* accuracy: 73.84%
* error: 26.16%
Accuracy = 73.83% -> 73.76%

epoch [9/30][10/44]	time 0.365 (0.365)	data 0.000 (0.000)	eta 0:05:49	loss -1.9538 (-1.9863)	acc 70.3125 (69.8438)	lr 0.001
epoch [9/30][20/44]	time 0.364 (0.365)	data 0.000 (0.000)	eta 0:05:45	loss -1.9941 (-2.0118)	acc 78.1250 (72.7344)	lr 0.001
epoch [9/30][30/44]	time 0.365 (0.365)	data 0.000 (0.000)	eta 0:05:42	loss -2.1106 (-2.0025)	acc 70.3125 (73.4896)	lr 0.001
epoch [9/30][40/44]	time 0.364 (0.365)	data 0.000 (0.000)	eta 0:05:38	loss -2.0419 (-2.0181)	acc 82.8125 (73.5938)	lr 0.001
Do evaluation on test set
=> result
* total: 2,817
* correct: 2,084
* accuracy: 73.98%
* error: 26.02%
Accuracy = 73.86% -> 73.93%

epoch [10/30][10/44]	time 0.365 (0.365)	data 0.000 (0.000)	eta 0:05:33	loss -1.9006 (-2.0221)	acc 75.0000 (77.3438)	lr 0.001
epoch [10/30][20/44]	time 0.365 (0.365)	data 0.000 (0.000)	eta 0:05:29	loss -1.9223 (-2.0254)	acc 78.1250 (75.3906)	lr 0.001
epoch [10/30][30/44]	time 0.365 (0.365)	data 0.000 (0.000)	eta 0:05:26	loss -2.0879 (-2.0368)	acc 75.0000 (75.2083)	lr 0.001
epoch [10/30][40/44]	time 0.364 (0.365)	data 0.000 (0.000)	eta 0:05:22	loss -1.8845 (-2.0218)	acc 70.3125 (73.8281)	lr 0.001
Do evaluation on test set
=> result
* total: 2,817
* correct: 2,081
* accuracy: 73.87%
* error: 26.13%
Accuracy = 73.79% -> 73.76%

epoch [11/30][10/44]	time 0.365 (0.365)	data 0.000 (0.000)	eta 0:05:17	loss -2.0491 (-2.0715)	acc 76.5625 (75.4688)	lr 0.001
epoch [11/30][20/44]	time 0.365 (0.365)	data 0.000 (0.000)	eta 0:05:13	loss -2.1784 (-2.0651)	acc 73.4375 (74.0625)	lr 0.001
epoch [11/30][30/44]	time 0.365 (0.365)	data 0.000 (0.000)	eta 0:05:10	loss -2.1907 (-2.0582)	acc 71.8750 (73.3333)	lr 0.001
epoch [11/30][40/44]	time 0.364 (0.365)	data 0.000 (0.000)	eta 0:05:06	loss -1.8566 (-2.0493)	acc 75.0000 (73.7891)	lr 0.001
Do evaluation on test set
=> result
* total: 2,817
* correct: 2,082
* accuracy: 73.91%
* error: 26.09%
Accuracy = 73.93% -> 73.97%

epoch [12/30][10/44]	time 0.365 (0.365)	data 0.000 (0.000)	eta 0:05:01	loss -2.0813 (-2.0923)	acc 73.4375 (74.5312)	lr 0.001
epoch [12/30][20/44]	time 0.365 (0.365)	data 0.000 (0.000)	eta 0:04:57	loss -2.0655 (-2.0938)	acc 76.5625 (74.5312)	lr 0.001
epoch [12/30][30/44]	time 0.365 (0.365)	data 0.000 (0.000)	eta 0:04:54	loss -2.0156 (-2.0740)	acc 81.2500 (73.6979)	lr 0.001
epoch [12/30][40/44]	time 0.364 (0.365)	data 0.000 (0.000)	eta 0:04:50	loss -2.0387 (-2.0716)	acc 75.0000 (73.3594)	lr 0.001
Do evaluation on test set
=> result
* total: 2,817
* correct: 2,083
* accuracy: 73.94%
* error: 26.06%
Accuracy = 73.97% -> 73.83%

epoch [13/30][10/44]	time 0.365 (0.365)	data 0.000 (0.000)	eta 0:04:45	loss -1.9895 (-2.0723)	acc 75.0000 (73.7500)	lr 0.001
epoch [13/30][20/44]	time 0.365 (0.365)	data 0.000 (0.000)	eta 0:04:41	loss -2.1412 (-2.0990)	acc 75.0000 (74.6875)	lr 0.001
epoch [13/30][30/44]	time 0.365 (0.365)	data 0.000 (0.000)	eta 0:04:37	loss -2.2129 (-2.0867)	acc 76.5625 (74.8958)	lr 0.001
epoch [13/30][40/44]	time 0.364 (0.365)	data 0.000 (0.000)	eta 0:04:34	loss -2.1346 (-2.0846)	acc 68.7500 (74.2188)	lr 0.001
Do evaluation on test set
=> result
* total: 2,817
* correct: 2,082
* accuracy: 73.91%
* error: 26.09%
Accuracy = 73.90% -> 73.90%

epoch [14/30][10/44]	time 0.365 (0.365)	data 0.000 (0.000)	eta 0:04:29	loss -2.1136 (-2.0958)	acc 67.1875 (72.8125)	lr 0.001
epoch [14/30][20/44]	time 0.365 (0.365)	data 0.000 (0.000)	eta 0:04:25	loss -1.8722 (-2.0942)	acc 64.0625 (72.9688)	lr 0.001
epoch [14/30][30/44]	time 0.365 (0.365)	data 0.000 (0.000)	eta 0:04:22	loss -2.1033 (-2.1066)	acc 70.3125 (73.3333)	lr 0.001
epoch [14/30][40/44]	time 0.365 (0.365)	data 0.000 (0.000)	eta 0:04:18	loss -2.0679 (-2.1160)	acc 65.6250 (73.3984)	lr 0.001
Do evaluation on test set
=> result
* total: 2,817
* correct: 2,080
* accuracy: 73.84%
* error: 26.16%
Accuracy = 73.86% -> 73.83%

epoch [15/30][10/44]	time 0.365 (0.365)	data 0.000 (0.000)	eta 0:04:13	loss -2.1972 (-2.1415)	acc 68.7500 (74.0625)	lr 0.001
epoch [15/30][20/44]	time 0.365 (0.365)	data 0.000 (0.000)	eta 0:04:09	loss -2.1844 (-2.1417)	acc 73.4375 (73.9062)	lr 0.001
epoch [15/30][30/44]	time 0.365 (0.365)	data 0.000 (0.000)	eta 0:04:06	loss -2.0691 (-2.1203)	acc 71.8750 (73.7500)	lr 0.001
epoch [15/30][40/44]	time 0.364 (0.365)	data 0.000 (0.000)	eta 0:04:02	loss -2.0701 (-2.1306)	acc 70.3125 (73.8281)	lr 0.001
Do evaluation on test set
=> result
* total: 2,817
* correct: 2,080
* accuracy: 73.84%
* error: 26.16%
Accuracy = 73.93% -> 73.93%

epoch [16/30][10/44]	time 0.365 (0.365)	data 0.000 (0.000)	eta 0:03:57	loss -2.2320 (-2.1722)	acc 73.4375 (75.9375)	lr 0.001
epoch [16/30][20/44]	time 0.365 (0.365)	data 0.000 (0.000)	eta 0:03:53	loss -2.0505 (-2.1132)	acc 67.1875 (73.9062)	lr 0.001
epoch [16/30][30/44]	time 0.365 (0.365)	data 0.000 (0.000)	eta 0:03:50	loss -2.0613 (-2.1101)	acc 68.7500 (74.2708)	lr 0.001
epoch [16/30][40/44]	time 0.364 (0.365)	data 0.000 (0.000)	eta 0:03:46	loss -2.2326 (-2.1151)	acc 71.8750 (74.2969)	lr 0.001
Do evaluation on test set
=> result
* total: 2,817
* correct: 2,080
* accuracy: 73.84%
* error: 26.16%
Accuracy = 73.90% -> 73.86%

epoch [17/30][10/44]	time 0.365 (0.365)	data 0.000 (0.000)	eta 0:03:41	loss -2.2502 (-2.1339)	acc 75.0000 (73.7500)	lr 0.001
epoch [17/30][20/44]	time 0.365 (0.365)	data 0.000 (0.000)	eta 0:03:37	loss -2.1890 (-2.1637)	acc 75.0000 (74.2969)	lr 0.001
epoch [17/30][30/44]	time 0.364 (0.365)	data 0.000 (0.000)	eta 0:03:33	loss -2.2268 (-2.1565)	acc 76.5625 (74.6354)	lr 0.001
epoch [17/30][40/44]	time 0.364 (0.365)	data 0.000 (0.000)	eta 0:03:30	loss -2.1525 (-2.1549)	acc 65.6250 (74.1797)	lr 0.001
Do evaluation on test set
=> result
* total: 2,817
* correct: 2,081
* accuracy: 73.87%
* error: 26.13%
Accuracy = 73.97% -> 73.97%

epoch [18/30][10/44]	time 0.365 (0.365)	data 0.000 (0.000)	eta 0:03:25	loss -2.1872 (-2.1936)	acc 70.3125 (75.3125)	lr 0.001
epoch [18/30][20/44]	time 0.365 (0.365)	data 0.000 (0.000)	eta 0:03:21	loss -1.8246 (-2.1414)	acc 71.8750 (74.9219)	lr 0.001
epoch [18/30][30/44]	time 0.365 (0.365)	data 0.000 (0.000)	eta 0:03:17	loss -2.1333 (-2.1339)	acc 60.9375 (73.1771)	lr 0.001
epoch [18/30][40/44]	time 0.364 (0.365)	data 0.000 (0.000)	eta 0:03:14	loss -2.1985 (-2.1327)	acc 79.6875 (73.9062)	lr 0.001
Do evaluation on test set
=> result
* total: 2,817
* correct: 2,081
* accuracy: 73.87%
* error: 26.13%
Accuracy = 73.93% -> 73.93%

epoch [19/30][10/44]	time 0.365 (0.365)	data 0.000 (0.000)	eta 0:03:09	loss -2.1776 (-2.1392)	acc 60.9375 (74.0625)	lr 0.001
epoch [19/30][20/44]	time 0.365 (0.365)	data 0.000 (0.000)	eta 0:03:05	loss -2.1479 (-2.1331)	acc 68.7500 (73.9062)	lr 0.001
epoch [19/30][30/44]	time 0.365 (0.365)	data 0.000 (0.000)	eta 0:03:01	loss -2.1028 (-2.1360)	acc 65.6250 (73.6458)	lr 0.001
epoch [19/30][40/44]	time 0.365 (0.365)	data 0.000 (0.000)	eta 0:02:58	loss -2.2746 (-2.1336)	acc 79.6875 (73.7891)	lr 0.001
Do evaluation on test set
=> result
* total: 2,817
* correct: 2,080
* accuracy: 73.84%
* error: 26.16%
Accuracy = 73.93% -> 73.93%

epoch [20/30][10/44]	time 0.365 (0.365)	data 0.000 (0.000)	eta 0:02:52	loss -2.1465 (-2.1558)	acc 71.8750 (71.7188)	lr 0.001
epoch [20/30][20/44]	time 0.365 (0.365)	data 0.000 (0.000)	eta 0:02:49	loss -2.1046 (-2.1687)	acc 73.4375 (72.8906)	lr 0.001
epoch [20/30][30/44]	time 0.365 (0.365)	data 0.000 (0.000)	eta 0:02:45	loss -2.0753 (-2.1656)	acc 78.1250 (72.9688)	lr 0.001
epoch [20/30][40/44]	time 0.364 (0.365)	data 0.000 (0.000)	eta 0:02:41	loss -2.2153 (-2.1542)	acc 81.2500 (73.2422)	lr 0.001
Do evaluation on test set
=> result
* total: 2,817
* correct: 2,081
* accuracy: 73.87%
* error: 26.13%
Accuracy = 73.97% -> 73.97%

epoch [21/30][10/44]	time 0.365 (0.365)	data 0.000 (0.000)	eta 0:02:37	loss -2.1803 (-2.2072)	acc 75.0000 (75.3125)	lr 0.001
epoch [21/30][20/44]	time 0.365 (0.365)	data 0.000 (0.000)	eta 0:02:33	loss -2.1889 (-2.1775)	acc 73.4375 (74.5312)	lr 0.001
epoch [21/30][30/44]	time 0.365 (0.365)	data 0.000 (0.000)	eta 0:02:29	loss -2.1284 (-2.1786)	acc 76.5625 (74.6875)	lr 0.001
epoch [21/30][40/44]	time 0.365 (0.365)	data 0.000 (0.000)	eta 0:02:25	loss -2.0307 (-2.1681)	acc 70.3125 (74.1797)	lr 0.001
Do evaluation on test set
=> result
* total: 2,817
* correct: 2,081
* accuracy: 73.87%
* error: 26.13%
Accuracy = 73.83% -> 73.83%

epoch [22/30][10/44]	time 0.365 (0.367)	data 0.000 (0.000)	eta 0:02:21	loss -2.1822 (-2.1451)	acc 79.6875 (76.7188)	lr 0.001
epoch [22/30][20/44]	time 0.365 (0.366)	data 0.000 (0.000)	eta 0:02:17	loss -2.2325 (-2.1390)	acc 70.3125 (74.6094)	lr 0.001
epoch [22/30][30/44]	time 0.365 (0.366)	data 0.000 (0.000)	eta 0:02:13	loss -2.0784 (-2.1450)	acc 76.5625 (74.1667)	lr 0.001
epoch [22/30][40/44]	time 0.364 (0.365)	data 0.000 (0.000)	eta 0:02:10	loss -2.1800 (-2.1435)	acc 79.6875 (73.6719)	lr 0.001
Do evaluation on test set
=> result
* total: 2,817
* correct: 2,081
* accuracy: 73.87%
* error: 26.13%
Accuracy = 73.97% -> 73.97%

epoch [23/30][10/44]	time 0.365 (0.365)	data 0.000 (0.000)	eta 0:02:04	loss -2.1728 (-2.1807)	acc 71.8750 (73.9062)	lr 0.001
epoch [23/30][20/44]	time 0.365 (0.365)	data 0.000 (0.000)	eta 0:02:01	loss -2.2054 (-2.1791)	acc 79.6875 (74.5312)	lr 0.001
epoch [23/30][30/44]	time 0.365 (0.365)	data 0.000 (0.000)	eta 0:01:57	loss -2.1168 (-2.1799)	acc 65.6250 (74.8958)	lr 0.001
epoch [23/30][40/44]	time 0.364 (0.365)	data 0.000 (0.000)	eta 0:01:53	loss -2.1673 (-2.1659)	acc 64.0625 (73.6328)	lr 0.001
Do evaluation on test set
=> result
* total: 2,817
* correct: 2,080
* accuracy: 73.84%
* error: 26.16%
Accuracy = 73.93% -> 73.97%

epoch [24/30][10/44]	time 0.365 (0.365)	data 0.000 (0.000)	eta 0:01:48	loss -2.1157 (-2.1435)	acc 81.2500 (73.7500)	lr 0.001
epoch [24/30][20/44]	time 0.366 (0.365)	data 0.000 (0.000)	eta 0:01:45	loss -2.1309 (-2.1361)	acc 70.3125 (72.9688)	lr 0.001
epoch [24/30][30/44]	time 0.365 (0.365)	data 0.000 (0.000)	eta 0:01:41	loss -2.1815 (-2.1601)	acc 81.2500 (74.4792)	lr 0.001
epoch [24/30][40/44]	time 0.365 (0.365)	data 0.000 (0.000)	eta 0:01:37	loss -2.1884 (-2.1538)	acc 73.4375 (74.3359)	lr 0.001
Do evaluation on test set
=> result
* total: 2,817
* correct: 2,081
* accuracy: 73.87%
* error: 26.13%
Accuracy = 73.79% -> 73.79%

epoch [25/30][10/44]	time 0.365 (0.366)	data 0.000 (0.000)	eta 0:01:32	loss -2.1175 (-2.1527)	acc 78.1250 (74.8438)	lr 0.001
epoch [25/30][20/44]	time 0.365 (0.365)	data 0.000 (0.000)	eta 0:01:29	loss -2.0784 (-2.1703)	acc 79.6875 (73.2812)	lr 0.001
epoch [25/30][30/44]	time 0.365 (0.365)	data 0.000 (0.000)	eta 0:01:25	loss -2.1374 (-2.1667)	acc 71.8750 (73.0729)	lr 0.001
epoch [25/30][40/44]	time 0.365 (0.365)	data 0.000 (0.000)	eta 0:01:21	loss -2.1798 (-2.1775)	acc 70.3125 (73.6719)	lr 0.001
Do evaluation on test set
=> result
* total: 2,817
* correct: 2,081
* accuracy: 73.87%
* error: 26.13%
Accuracy = 73.93% -> 73.93%

epoch [26/30][10/44]	time 0.365 (0.365)	data 0.000 (0.000)	eta 0:01:16	loss -2.1542 (-2.1691)	acc 71.8750 (71.0938)	lr 0.001
epoch [26/30][20/44]	time 0.365 (0.365)	data 0.000 (0.000)	eta 0:01:13	loss -2.2211 (-2.1937)	acc 70.3125 (72.8906)	lr 0.001
epoch [26/30][30/44]	time 0.365 (0.365)	data 0.000 (0.000)	eta 0:01:09	loss -2.1071 (-2.1892)	acc 78.1250 (74.2188)	lr 0.001
epoch [26/30][40/44]	time 0.364 (0.365)	data 0.000 (0.000)	eta 0:01:05	loss -2.1951 (-2.1825)	acc 75.0000 (73.6719)	lr 0.001
Do evaluation on test set
=> result
* total: 2,817
* correct: 2,081
* accuracy: 73.87%
* error: 26.13%
Accuracy = 73.93% -> 73.93%

epoch [27/30][10/44]	time 0.365 (0.365)	data 0.000 (0.000)	eta 0:01:00	loss -2.2025 (-2.1883)	acc 68.7500 (74.3750)	lr 0.001
epoch [27/30][20/44]	time 0.365 (0.365)	data 0.000 (0.000)	eta 0:00:56	loss -2.1405 (-2.1772)	acc 78.1250 (73.9844)	lr 0.001
epoch [27/30][30/44]	time 0.365 (0.365)	data 0.000 (0.000)	eta 0:00:53	loss -2.1442 (-2.1701)	acc 79.6875 (73.8021)	lr 0.001
epoch [27/30][40/44]	time 0.365 (0.365)	data 0.000 (0.000)	eta 0:00:49	loss -2.1601 (-2.1601)	acc 73.4375 (73.6328)	lr 0.001
Do evaluation on test set
=> result
* total: 2,817
* correct: 2,081
* accuracy: 73.87%
* error: 26.13%
Accuracy = 73.93% -> 73.93%

epoch [28/30][10/44]	time 0.365 (0.365)	data 0.000 (0.000)	eta 0:00:44	loss -2.2259 (-2.2152)	acc 75.0000 (75.0000)	lr 0.001
epoch [28/30][20/44]	time 0.365 (0.365)	data 0.000 (0.000)	eta 0:00:40	loss -1.9571 (-2.2017)	acc 71.8750 (74.4531)	lr 0.001
epoch [28/30][30/44]	time 0.365 (0.365)	data 0.000 (0.000)	eta 0:00:37	loss -2.1695 (-2.2042)	acc 67.1875 (73.8542)	lr 0.001
epoch [28/30][40/44]	time 0.365 (0.365)	data 0.000 (0.000)	eta 0:00:33	loss -2.2626 (-2.2055)	acc 67.1875 (74.3750)	lr 0.001
Do evaluation on test set
=> result
* total: 2,817
* correct: 2,081
* accuracy: 73.87%
* error: 26.13%
Accuracy = 73.93% -> 73.93%

epoch [29/30][10/44]	time 0.365 (0.365)	data 0.000 (0.000)	eta 0:00:28	loss -2.0892 (-2.1350)	acc 71.8750 (73.2812)	lr 0.001
epoch [29/30][20/44]	time 0.365 (0.365)	data 0.000 (0.000)	eta 0:00:24	loss -2.1336 (-2.1670)	acc 81.2500 (74.0625)	lr 0.001
epoch [29/30][30/44]	time 0.365 (0.365)	data 0.000 (0.000)	eta 0:00:21	loss -2.2128 (-2.1689)	acc 78.1250 (74.2708)	lr 0.001
epoch [29/30][40/44]	time 0.364 (0.365)	data 0.000 (0.000)	eta 0:00:17	loss -2.3269 (-2.1727)	acc 70.3125 (73.7891)	lr 0.001
Do evaluation on test set
=> result
* total: 2,817
* correct: 2,081
* accuracy: 73.87%
* error: 26.13%
Accuracy = 73.90% -> 73.90%

epoch [30/30][10/44]	time 0.365 (0.365)	data 0.000 (0.000)	eta 0:00:12	loss -2.2387 (-2.2042)	acc 85.9375 (74.3750)	lr 0.001
epoch [30/30][20/44]	time 0.365 (0.365)	data 0.000 (0.000)	eta 0:00:08	loss -2.2380 (-2.2079)	acc 78.1250 (73.2031)	lr 0.001
epoch [30/30][30/44]	time 0.365 (0.365)	data 0.000 (0.000)	eta 0:00:05	loss -2.2097 (-2.2000)	acc 75.0000 (73.7500)	lr 0.001
epoch [30/30][40/44]	time 0.365 (0.365)	data 0.000 (0.000)	eta 0:00:01	loss -2.2093 (-2.2022)	acc 81.2500 (73.6719)	lr 0.001
Finished training
Do evaluation on test set
=> result
* total: 2,817
* correct: 2,081
* accuracy: 73.87%
* error: 26.13%
Checkpoint saved to "output/kd/office31/d2a/model/model.pth.tar-30"
Elapsed: 0:12:03
